<?xml version="1.0" encoding="UTF-8"?>
<testsuite xmlns:xsi="http://www.w3.org/2001/XMLSchema-instance" xsi:noNamespaceSchemaLocation="https://maven.apache.org/surefire/maven-surefire-plugin/xsd/surefire-test-report-3.0.xsd" version="3.0" name="com.ejemplo.AppTest" time="0.013" tests="1" errors="0" skipped="0" failures="0">
  <properties>
    <property name="java.specification.version" value="21"/>
    <property name="sun.cpu.isalist" value="amd64"/>
    <property name="sun.jnu.encoding" value="Cp1252"/>
    <property name="java.class.path" value="G:\ProyectoAkkaParalela\procesamiento-imagenes-akka\target\test-classes;G:\ProyectoAkkaParalela\procesamiento-imagenes-akka\target\classes;C:\Users\RTX - 3080 biomod\.m2\repository\junit\junit\3.8.1\junit-3.8.1.jar;C:\Users\RTX - 3080 biomod\.m2\repository\com\typesafe\akka\akka-actor_2.12\2.6.16\akka-actor_2.12-2.6.16.jar;C:\Users\RTX - 3080 biomod\.m2\repository\org\scala-lang\scala-library\2.12.14\scala-library-2.12.14.jar;C:\Users\RTX - 3080 biomod\.m2\repository\com\typesafe\config\1.4.0\config-1.4.0.jar;C:\Users\RTX - 3080 biomod\.m2\repository\org\scala-lang\modules\scala-java8-compat_2.12\0.8.0\scala-java8-compat_2.12-0.8.0.jar;"/>
    <property name="java.vm.vendor" value="Oracle Corporation"/>
    <property name="sun.arch.data.model" value="64"/>
    <property name="user.variant" value=""/>
    <property name="java.vendor.url" value="https://java.oracle.com/"/>
    <property name="user.timezone" value="America/Lima"/>
    <property name="os.name" value="Windows 11"/>
    <property name="java.vm.specification.version" value="21"/>
    <property name="sun.java.launcher" value="SUN_STANDARD"/>
    <property name="user.country" value="PE"/>
    <property name="sun.boot.library.path" value="C:\Program Files\Java\jdk-21\bin"/>
    <property name="sun.java.command" value="C:\Users\RTX - 3080 biomod\AppData\Local\Temp\surefire4270249454047570601\surefirebooter-20231104125605125_3.jar C:\Users\RTX - 3080 biomod\AppData\Local\Temp\surefire4270249454047570601 2023-11-04T12-56-05_058-jvmRun1 surefire-20231104125605125_1tmp surefire_0-20231104125605125_2tmp"/>
    <property name="jdk.debug" value="release"/>
    <property name="surefire.test.class.path" value="G:\ProyectoAkkaParalela\procesamiento-imagenes-akka\target\test-classes;G:\ProyectoAkkaParalela\procesamiento-imagenes-akka\target\classes;C:\Users\RTX - 3080 biomod\.m2\repository\junit\junit\3.8.1\junit-3.8.1.jar;C:\Users\RTX - 3080 biomod\.m2\repository\com\typesafe\akka\akka-actor_2.12\2.6.16\akka-actor_2.12-2.6.16.jar;C:\Users\RTX - 3080 biomod\.m2\repository\org\scala-lang\scala-library\2.12.14\scala-library-2.12.14.jar;C:\Users\RTX - 3080 biomod\.m2\repository\com\typesafe\config\1.4.0\config-1.4.0.jar;C:\Users\RTX - 3080 biomod\.m2\repository\org\scala-lang\modules\scala-java8-compat_2.12\0.8.0\scala-java8-compat_2.12-0.8.0.jar;"/>
    <property name="sun.cpu.endian" value="little"/>
    <property name="user.home" value="C:\Users\RTX - 3080 biomod"/>
    <property name="user.language" value="es"/>
    <property name="java.specification.vendor" value="Oracle Corporation"/>
    <property name="java.version.date" value="2023-10-17"/>
    <property name="java.home" value="C:\Program Files\Java\jdk-21"/>
    <property name="file.separator" value="\"/>
    <property name="basedir" value="G:\ProyectoAkkaParalela\procesamiento-imagenes-akka"/>
    <property name="java.vm.compressedOopsMode" value="Zero based"/>
    <property name="line.separator" value="&#10;"/>
    <property name="java.vm.specification.vendor" value="Oracle Corporation"/>
    <property name="java.specification.name" value="Java Platform API Specification"/>
    <property name="surefire.real.class.path" value="C:\Users\RTX - 3080 biomod\AppData\Local\Temp\surefire4270249454047570601\surefirebooter-20231104125605125_3.jar"/>
    <property name="user.script" value=""/>
    <property name="sun.management.compiler" value="HotSpot 64-Bit Tiered Compilers"/>
    <property name="java.runtime.version" value="21.0.1+12-LTS-29"/>
    <property name="user.name" value="RTX - 3080 biomod"/>
    <property name="stdout.encoding" value="Cp1252"/>
    <property name="path.separator" value=";"/>
    <property name="os.version" value="10.0"/>
    <property name="java.runtime.name" value="Java(TM) SE Runtime Environment"/>
    <property name="file.encoding" value="UTF-8"/>
    <property name="java.vm.name" value="Java HotSpot(TM) 64-Bit Server VM"/>
    <property name="localRepository" value="C:\Users\RTX - 3080 biomod\.m2\repository"/>
    <property name="java.vendor.url.bug" value="https://bugreport.java.com/bugreport/"/>
    <property name="java.io.tmpdir" value="C:\Users\RTX-30~1\AppData\Local\Temp\"/>
    <property name="java.version" value="21.0.1"/>
    <property name="user.dir" value="G:\ProyectoAkkaParalela\procesamiento-imagenes-akka"/>
    <property name="os.arch" value="amd64"/>
    <property name="java.vm.specification.name" value="Java Virtual Machine Specification"/>
    <property name="sun.os.patch.level" value=""/>
    <property name="native.encoding" value="Cp1252"/>
    <property name="java.library.path" value="C:\Program Files\Java\jdk-21\bin;C:\WINDOWS\Sun\Java\bin;C:\WINDOWS\system32;C:\WINDOWS;C:\Program Files\Common Files\Oracle\Java\javapath;C:\Windows\system32;C:\Windows;C:\Windows\System32\Wbem;C:\Windows\System32\WindowsPowerShell\v1.0\;C:\Windows\System32\OpenSSH\;C:\Program Files\NVIDIA Corporation\NVIDIA NvDLISR;C:\Program Files (x86)\NVIDIA Corporation\PhysX\Common;C:\WINDOWS\system32;C:\WINDOWS;C:\WINDOWS\System32\Wbem;C:\WINDOWS\System32\WindowsPowerShell\v1.0\;C:\WINDOWS\System32\OpenSSH\;C:\Program Files\Graphviz\bin;C:\Dev-Cpp\bin;G:\apache-maven-3.9.5\bin;C:\Users\RTX - 3080 biomod\AppData\Local\Programs\Python\Python311\Scripts\;C:\Users\RTX - 3080 biomod\AppData\Local\Programs\Python\Python311\;C:\Users\RTX - 3080 biomod\AppData\Local\Microsoft\WindowsApps;C:\Users\RTX - 3080 biomod\AppData\Local\Programs\Microsoft VS Code\bin;C:\Program Files\Graphviz\bin;G:\apache-maven-3.9.5\bin;;."/>
    <property name="java.vm.info" value="mixed mode, sharing"/>
    <property name="stderr.encoding" value="Cp1252"/>
    <property name="java.vendor" value="Oracle Corporation"/>
    <property name="java.vm.version" value="21.0.1+12-LTS-29"/>
    <property name="sun.io.unicode.encoding" value="UnicodeLittle"/>
    <property name="java.class.version" value="65.0"/>
  </properties>
  <testcase name="testApp" classname="com.ejemplo.AppTest" time="0.001"/>
</testsuite>